Analysis & Synthesis report for ALU
Wed Mar  6 01:53:16 2024
Quartus Prime Version 23.1std.0 Build 991 11/28/2023 SC Lite Edition


---------------------
; Table of Contents ;
---------------------
  1. Legal Notice
  2. Analysis & Synthesis Summary
  3. Analysis & Synthesis Settings
  4. Parallel Compilation
  5. Analysis & Synthesis Source Files Read
  6. Analysis & Synthesis Resource Usage Summary
  7. Analysis & Synthesis Resource Utilization by Entity
  8. User-Specified and Inferred Latches
  9. General Register Statistics
 10. Multiplexer Restructuring Statistics (Restructuring Performed)
 11. Parameter Settings for User Entity Instance: Top-level Entity: |ALU_deco
 12. Parameter Settings for User Entity Instance: ALU_case:calculadora
 13. Parameter Settings for User Entity Instance: ALU_case:calculadora|suma_parametrizable:suma
 14. Parameter Settings for User Entity Instance: ALU_case:calculadora|mult:multiplicacion
 15. Parameter Settings for User Entity Instance: ALU_case:calculadora|modulo:mod
 16. Parameter Settings for User Entity Instance: ALU_case:calculadora|div:division
 17. Parameter Settings for Inferred Entity Instance: ALU_case:calculadora|modulo:mod|lpm_divide:Mod0
 18. Port Connectivity Checks: "decodificador:d2"
 19. Port Connectivity Checks: "ALU_case:calculadora|div:division"
 20. Port Connectivity Checks: "ALU_case:calculadora|mult:multiplicacion"
 21. Port Connectivity Checks: "ALU_case:calculadora|suma_parametrizable:suma|suma:generate_suma[0].sum_nc"
 22. Port Connectivity Checks: "ALU_case:calculadora"
 23. Post-Synthesis Netlist Statistics for Top Partition
 24. Elapsed Time Per Partition
 25. Analysis & Synthesis Messages



----------------
; Legal Notice ;
----------------
Copyright (C) 2023  Intel Corporation. All rights reserved.
Your use of Intel Corporation's design tools, logic functions 
and other software and tools, and any partner logic 
functions, and any output files from any of the foregoing 
(including device programming or simulation files), and any 
associated documentation or information are expressly subject 
to the terms and conditions of the Intel Program License 
Subscription Agreement, the Intel Quartus Prime License Agreement,
the Intel FPGA IP License Agreement, or other applicable license
agreement, including, without limitation, that your use is for
the sole purpose of programming logic devices manufactured by
Intel and sold by Intel or its authorized distributors.  Please
refer to the applicable agreement for further details, at
https://fpgasoftware.intel.com/eula.



+----------------------------------------------------------------------------------+
; Analysis & Synthesis Summary                                                     ;
+---------------------------------+------------------------------------------------+
; Analysis & Synthesis Status     ; Successful - Wed Mar  6 01:53:16 2024          ;
; Quartus Prime Version           ; 23.1std.0 Build 991 11/28/2023 SC Lite Edition ;
; Revision Name                   ; ALU                                            ;
; Top-level Entity Name           ; ALU_deco                                       ;
; Family                          ; Cyclone V                                      ;
; Logic utilization (in ALMs)     ; N/A                                            ;
; Total registers                 ; 0                                              ;
; Total pins                      ; 32                                             ;
; Total virtual pins              ; 0                                              ;
; Total block memory bits         ; 0                                              ;
; Total DSP Blocks                ; 0                                              ;
; Total HSSI RX PCSs              ; 0                                              ;
; Total HSSI PMA RX Deserializers ; 0                                              ;
; Total HSSI TX PCSs              ; 0                                              ;
; Total HSSI PMA TX Serializers   ; 0                                              ;
; Total PLLs                      ; 0                                              ;
; Total DLLs                      ; 0                                              ;
+---------------------------------+------------------------------------------------+


+---------------------------------------------------------------------------------------------------------------------------+
; Analysis & Synthesis Settings                                                                                             ;
+---------------------------------------------------------------------------------+--------------------+--------------------+
; Option                                                                          ; Setting            ; Default Value      ;
+---------------------------------------------------------------------------------+--------------------+--------------------+
; Device                                                                          ; 5CSEMA5F31C6       ;                    ;
; Top-level entity name                                                           ; ALU_deco           ; ALU                ;
; Family name                                                                     ; Cyclone V          ; Cyclone V          ;
; Use smart compilation                                                           ; Off                ; Off                ;
; Enable parallel Assembler and Timing Analyzer during compilation                ; On                 ; On                 ;
; Enable compact report table                                                     ; Off                ; Off                ;
; Restructure Multiplexers                                                        ; Auto               ; Auto               ;
; MLAB Add Timing Constraints For Mixed-Port Feed-Through Mode Setting Don't Care ; Off                ; Off                ;
; Create Debugging Nodes for IP Cores                                             ; Off                ; Off                ;
; Preserve fewer node names                                                       ; On                 ; On                 ;
; Intel FPGA IP Evaluation Mode                                                   ; Enable             ; Enable             ;
; Verilog Version                                                                 ; Verilog_2001       ; Verilog_2001       ;
; VHDL Version                                                                    ; VHDL_1993          ; VHDL_1993          ;
; State Machine Processing                                                        ; Auto               ; Auto               ;
; Safe State Machine                                                              ; Off                ; Off                ;
; Extract Verilog State Machines                                                  ; On                 ; On                 ;
; Extract VHDL State Machines                                                     ; On                 ; On                 ;
; Ignore Verilog initial constructs                                               ; Off                ; Off                ;
; Iteration limit for constant Verilog loops                                      ; 5000               ; 5000               ;
; Iteration limit for non-constant Verilog loops                                  ; 250                ; 250                ;
; Add Pass-Through Logic to Inferred RAMs                                         ; On                 ; On                 ;
; Infer RAMs from Raw Logic                                                       ; On                 ; On                 ;
; Parallel Synthesis                                                              ; On                 ; On                 ;
; DSP Block Balancing                                                             ; Auto               ; Auto               ;
; NOT Gate Push-Back                                                              ; On                 ; On                 ;
; Power-Up Don't Care                                                             ; On                 ; On                 ;
; Remove Redundant Logic Cells                                                    ; Off                ; Off                ;
; Remove Duplicate Registers                                                      ; On                 ; On                 ;
; Ignore CARRY Buffers                                                            ; Off                ; Off                ;
; Ignore CASCADE Buffers                                                          ; Off                ; Off                ;
; Ignore GLOBAL Buffers                                                           ; Off                ; Off                ;
; Ignore ROW GLOBAL Buffers                                                       ; Off                ; Off                ;
; Ignore LCELL Buffers                                                            ; Off                ; Off                ;
; Ignore SOFT Buffers                                                             ; On                 ; On                 ;
; Limit AHDL Integers to 32 Bits                                                  ; Off                ; Off                ;
; Optimization Technique                                                          ; Balanced           ; Balanced           ;
; Carry Chain Length                                                              ; 70                 ; 70                 ;
; Auto Carry Chains                                                               ; On                 ; On                 ;
; Auto Open-Drain Pins                                                            ; On                 ; On                 ;
; Perform WYSIWYG Primitive Resynthesis                                           ; Off                ; Off                ;
; Auto ROM Replacement                                                            ; On                 ; On                 ;
; Auto RAM Replacement                                                            ; On                 ; On                 ;
; Auto DSP Block Replacement                                                      ; On                 ; On                 ;
; Auto Shift Register Replacement                                                 ; Auto               ; Auto               ;
; Allow Shift Register Merging across Hierarchies                                 ; Auto               ; Auto               ;
; Auto Clock Enable Replacement                                                   ; On                 ; On                 ;
; Strict RAM Replacement                                                          ; Off                ; Off                ;
; Allow Synchronous Control Signals                                               ; On                 ; On                 ;
; Force Use of Synchronous Clear Signals                                          ; Off                ; Off                ;
; Auto Resource Sharing                                                           ; Off                ; Off                ;
; Allow Any RAM Size For Recognition                                              ; Off                ; Off                ;
; Allow Any ROM Size For Recognition                                              ; Off                ; Off                ;
; Allow Any Shift Register Size For Recognition                                   ; Off                ; Off                ;
; Use LogicLock Constraints during Resource Balancing                             ; On                 ; On                 ;
; Ignore translate_off and synthesis_off directives                               ; Off                ; Off                ;
; Timing-Driven Synthesis                                                         ; On                 ; On                 ;
; Report Parameter Settings                                                       ; On                 ; On                 ;
; Report Source Assignments                                                       ; On                 ; On                 ;
; Report Connectivity Checks                                                      ; On                 ; On                 ;
; Ignore Maximum Fan-Out Assignments                                              ; Off                ; Off                ;
; Synchronization Register Chain Length                                           ; 3                  ; 3                  ;
; Power Optimization During Synthesis                                             ; Normal compilation ; Normal compilation ;
; HDL message level                                                               ; Level2             ; Level2             ;
; Suppress Register Optimization Related Messages                                 ; Off                ; Off                ;
; Number of Removed Registers Reported in Synthesis Report                        ; 5000               ; 5000               ;
; Number of Swept Nodes Reported in Synthesis Report                              ; 5000               ; 5000               ;
; Number of Inverted Registers Reported in Synthesis Report                       ; 100                ; 100                ;
; Clock MUX Protection                                                            ; On                 ; On                 ;
; Auto Gated Clock Conversion                                                     ; Off                ; Off                ;
; Block Design Naming                                                             ; Auto               ; Auto               ;
; SDC constraint protection                                                       ; Off                ; Off                ;
; Synthesis Effort                                                                ; Auto               ; Auto               ;
; Shift Register Replacement - Allow Asynchronous Clear Signal                    ; On                 ; On                 ;
; Pre-Mapping Resynthesis Optimization                                            ; Off                ; Off                ;
; Analysis & Synthesis Message Level                                              ; Medium             ; Medium             ;
; Disable Register Merging Across Hierarchies                                     ; Auto               ; Auto               ;
; Resource Aware Inference For Block RAM                                          ; On                 ; On                 ;
; Automatic Parallel Synthesis                                                    ; On                 ; On                 ;
; Partial Reconfiguration Bitstream ID                                            ; Off                ; Off                ;
+---------------------------------------------------------------------------------+--------------------+--------------------+


+------------------------------------------+
; Parallel Compilation                     ;
+----------------------------+-------------+
; Processors                 ; Number      ;
+----------------------------+-------------+
; Number detected on machine ; 16          ;
; Maximum allowed            ; 16          ;
;                            ;             ;
; Average used               ; 1.00        ;
; Maximum used               ; 16          ;
;                            ;             ;
; Usage by Processor         ; % Time Used ;
;     Processor 1            ; 100.0%      ;
;     Processors 2-16        ;   0.0%      ;
+----------------------------+-------------+


+-------------------------------------------------------------------------------------------------------------------------------------------------------------------------------------------------------------------------------+
; Analysis & Synthesis Source Files Read                                                                                                                                                                                        ;
+----------------------------------+-----------------+------------------------------+---------------------------------------------------------------------------------------------------------------------------------+---------+
; File Name with User-Entered Path ; Used in Netlist ; File Type                    ; File Name with Absolute Path                                                                                                    ; Library ;
+----------------------------------+-----------------+------------------------------+---------------------------------------------------------------------------------------------------------------------------------+---------+
; mult.sv                          ; yes             ; User SystemVerilog HDL File  ; C:/Users/mario/OneDrive/Documentos/QUARTUS PROJECTS/gochoa_digital_design_lab_2024/laboratorio_2/ALU/mult.sv                    ;         ;
; modulo.sv                        ; yes             ; User SystemVerilog HDL File  ; C:/Users/mario/OneDrive/Documentos/QUARTUS PROJECTS/gochoa_digital_design_lab_2024/laboratorio_2/ALU/modulo.sv                  ;         ;
; ALU_deco.sv                      ; yes             ; User SystemVerilog HDL File  ; C:/Users/mario/OneDrive/Documentos/QUARTUS PROJECTS/gochoa_digital_design_lab_2024/laboratorio_2/ALU/ALU_deco.sv                ;         ;
; ALU_case.sv                      ; yes             ; User SystemVerilog HDL File  ; C:/Users/mario/OneDrive/Documentos/QUARTUS PROJECTS/gochoa_digital_design_lab_2024/laboratorio_2/ALU/ALU_case.sv                ;         ;
; suma.sv                          ; yes             ; User SystemVerilog HDL File  ; C:/Users/mario/OneDrive/Documentos/QUARTUS PROJECTS/gochoa_digital_design_lab_2024/laboratorio_2/ALU/suma.sv                    ;         ;
; suma_parametrizable.sv           ; yes             ; User SystemVerilog HDL File  ; C:/Users/mario/OneDrive/Documentos/QUARTUS PROJECTS/gochoa_digital_design_lab_2024/laboratorio_2/ALU/suma_parametrizable.sv     ;         ;
; decodificador.sv                 ; yes             ; User SystemVerilog HDL File  ; C:/Users/mario/OneDrive/Documentos/QUARTUS PROJECTS/gochoa_digital_design_lab_2024/laboratorio_2/ALU/decodificador.sv           ;         ;
; div.sv                           ; yes             ; User SystemVerilog HDL File  ; C:/Users/mario/OneDrive/Documentos/QUARTUS PROJECTS/gochoa_digital_design_lab_2024/laboratorio_2/ALU/div.sv                     ;         ;
; lpm_divide.tdf                   ; yes             ; Megafunction                 ; c:/intelfpga_lite/23.1std/quartus/libraries/megafunctions/lpm_divide.tdf                                                        ;         ;
; abs_divider.inc                  ; yes             ; Megafunction                 ; c:/intelfpga_lite/23.1std/quartus/libraries/megafunctions/abs_divider.inc                                                       ;         ;
; sign_div_unsign.inc              ; yes             ; Megafunction                 ; c:/intelfpga_lite/23.1std/quartus/libraries/megafunctions/sign_div_unsign.inc                                                   ;         ;
; aglobal231.inc                   ; yes             ; Megafunction                 ; c:/intelfpga_lite/23.1std/quartus/libraries/megafunctions/aglobal231.inc                                                        ;         ;
; db/lpm_divide_42m.tdf            ; yes             ; Auto-Generated Megafunction  ; C:/Users/mario/OneDrive/Documentos/QUARTUS PROJECTS/gochoa_digital_design_lab_2024/laboratorio_2/ALU/db/lpm_divide_42m.tdf      ;         ;
; db/sign_div_unsign_7kh.tdf       ; yes             ; Auto-Generated Megafunction  ; C:/Users/mario/OneDrive/Documentos/QUARTUS PROJECTS/gochoa_digital_design_lab_2024/laboratorio_2/ALU/db/sign_div_unsign_7kh.tdf ;         ;
; db/alt_u_div_kse.tdf             ; yes             ; Auto-Generated Megafunction  ; C:/Users/mario/OneDrive/Documentos/QUARTUS PROJECTS/gochoa_digital_design_lab_2024/laboratorio_2/ALU/db/alt_u_div_kse.tdf       ;         ;
+----------------------------------+-----------------+------------------------------+---------------------------------------------------------------------------------------------------------------------------------+---------+


+-----------------------------------------------------------------+
; Analysis & Synthesis Resource Usage Summary                     ;
+---------------------------------------------+-------------------+
; Resource                                    ; Usage             ;
+---------------------------------------------+-------------------+
; Estimate of Logic utilization (ALMs needed) ; 49                ;
;                                             ;                   ;
; Combinational ALUT usage for logic          ; 87                ;
;     -- 7 input functions                    ; 0                 ;
;     -- 6 input functions                    ; 10                ;
;     -- 5 input functions                    ; 17                ;
;     -- 4 input functions                    ; 32                ;
;     -- <=3 input functions                  ; 28                ;
;                                             ;                   ;
; Dedicated logic registers                   ; 0                 ;
;                                             ;                   ;
; I/O pins                                    ; 32                ;
;                                             ;                   ;
; Total DSP Blocks                            ; 0                 ;
;                                             ;                   ;
; Maximum fan-out node                        ; entrada2[0]~input ;
; Maximum fan-out                             ; 28                ;
; Total fan-out                               ; 403               ;
; Average fan-out                             ; 2.67              ;
+---------------------------------------------+-------------------+


+----------------------------------------------------------------------------------------------------------------------------------------------------------------------------------------------------------------------------------------------------------------------------------------------------------------------------------------+
; Analysis & Synthesis Resource Utilization by Entity                                                                                                                                                                                                                                                                                    ;
+----------------------------------------------+---------------------+---------------------------+-------------------+------------+------+--------------+-------------------------------------------------------------------------------------------------------------------------------------------+---------------------+--------------+
; Compilation Hierarchy Node                   ; Combinational ALUTs ; Dedicated Logic Registers ; Block Memory Bits ; DSP Blocks ; Pins ; Virtual Pins ; Full Hierarchy Name                                                                                                                       ; Entity Name         ; Library Name ;
+----------------------------------------------+---------------------+---------------------------+-------------------+------------+------+--------------+-------------------------------------------------------------------------------------------------------------------------------------------+---------------------+--------------+
; |ALU_deco                                    ; 87 (0)              ; 0 (0)                     ; 0                 ; 0          ; 32   ; 0            ; |ALU_deco                                                                                                                                 ; ALU_deco            ; work         ;
;    |ALU_case:calculadora|                    ; 80 (14)             ; 0 (0)                     ; 0                 ; 0          ; 0    ; 0            ; |ALU_deco|ALU_case:calculadora                                                                                                            ; ALU_case            ; work         ;
;       |div:division|                         ; 7 (7)               ; 0 (0)                     ; 0                 ; 0          ; 0    ; 0            ; |ALU_deco|ALU_case:calculadora|div:division                                                                                               ; div                 ; work         ;
;       |modulo:mod|                           ; 27 (1)              ; 0 (0)                     ; 0                 ; 0          ; 0    ; 0            ; |ALU_deco|ALU_case:calculadora|modulo:mod                                                                                                 ; modulo              ; work         ;
;          |lpm_divide:Mod0|                   ; 26 (0)              ; 0 (0)                     ; 0                 ; 0          ; 0    ; 0            ; |ALU_deco|ALU_case:calculadora|modulo:mod|lpm_divide:Mod0                                                                                 ; lpm_divide          ; work         ;
;             |lpm_divide_42m:auto_generated|  ; 26 (0)              ; 0 (0)                     ; 0                 ; 0          ; 0    ; 0            ; |ALU_deco|ALU_case:calculadora|modulo:mod|lpm_divide:Mod0|lpm_divide_42m:auto_generated                                                   ; lpm_divide_42m      ; work         ;
;                |sign_div_unsign_7kh:divider| ; 26 (0)              ; 0 (0)                     ; 0                 ; 0          ; 0    ; 0            ; |ALU_deco|ALU_case:calculadora|modulo:mod|lpm_divide:Mod0|lpm_divide_42m:auto_generated|sign_div_unsign_7kh:divider                       ; sign_div_unsign_7kh ; work         ;
;                   |alt_u_div_kse:divider|    ; 26 (26)             ; 0 (0)                     ; 0                 ; 0          ; 0    ; 0            ; |ALU_deco|ALU_case:calculadora|modulo:mod|lpm_divide:Mod0|lpm_divide_42m:auto_generated|sign_div_unsign_7kh:divider|alt_u_div_kse:divider ; alt_u_div_kse       ; work         ;
;       |mult:multiplicacion|                  ; 25 (25)             ; 0 (0)                     ; 0                 ; 0          ; 0    ; 0            ; |ALU_deco|ALU_case:calculadora|mult:multiplicacion                                                                                        ; mult                ; work         ;
;       |suma_parametrizable:suma|             ; 7 (2)               ; 0 (0)                     ; 0                 ; 0          ; 0    ; 0            ; |ALU_deco|ALU_case:calculadora|suma_parametrizable:suma                                                                                   ; suma_parametrizable ; work         ;
;          |suma:generate_suma[1].sum_c|       ; 2 (2)               ; 0 (0)                     ; 0                 ; 0          ; 0    ; 0            ; |ALU_deco|ALU_case:calculadora|suma_parametrizable:suma|suma:generate_suma[1].sum_c                                                       ; suma                ; work         ;
;          |suma:generate_suma[2].sum_c|       ; 2 (2)               ; 0 (0)                     ; 0                 ; 0          ; 0    ; 0            ; |ALU_deco|ALU_case:calculadora|suma_parametrizable:suma|suma:generate_suma[2].sum_c                                                       ; suma                ; work         ;
;          |suma:generate_suma[3].sum_c|       ; 1 (1)               ; 0 (0)                     ; 0                 ; 0          ; 0    ; 0            ; |ALU_deco|ALU_case:calculadora|suma_parametrizable:suma|suma:generate_suma[3].sum_c                                                       ; suma                ; work         ;
;    |decodificador:d1|                        ; 7 (7)               ; 0 (0)                     ; 0                 ; 0          ; 0    ; 0            ; |ALU_deco|decodificador:d1                                                                                                                ; decodificador       ; work         ;
+----------------------------------------------+---------------------+---------------------------+-------------------+------------+------+--------------+-------------------------------------------------------------------------------------------------------------------------------------------+---------------------+--------------+
Note: For table entries with two numbers listed, the numbers in parentheses indicate the number of resources of the given type used by the specific entity alone. The numbers listed outside of parentheses indicate the total resources of the given type used by the specific entity and all of its sub-entities in the hierarchy.


+---------------------------------------------------------------------------------------------------------+
; User-Specified and Inferred Latches                                                                     ;
+----------------------------------------------------+---------------------------+------------------------+
; Latch Name                                         ; Latch Enable Signal       ; Free of Timing Hazards ;
+----------------------------------------------------+---------------------------+------------------------+
; ALU_case:calculadora|resultado[1]                  ; ALU_case:calculadora|Mux9 ; yes                    ;
; ALU_case:calculadora|resultado[2]                  ; ALU_case:calculadora|Mux9 ; yes                    ;
; ALU_case:calculadora|resultado[3]                  ; ALU_case:calculadora|Mux9 ; yes                    ;
; ALU_case:calculadora|resultado[0]                  ; ALU_case:calculadora|Mux9 ; yes                    ;
; ALU_case:calculadora|carry                         ; ALU_case:calculadora|Mux9 ; yes                    ;
; ALU_case:calculadora|cero                          ; ALU_case:calculadora|Mux9 ; yes                    ;
; Number of user-specified and inferred latches = 6  ;                           ;                        ;
+----------------------------------------------------+---------------------------+------------------------+
Note: All latches listed above may not be present at the end of synthesis due to various synthesis optimizations.


+------------------------------------------------------+
; General Register Statistics                          ;
+----------------------------------------------+-------+
; Statistic                                    ; Value ;
+----------------------------------------------+-------+
; Total registers                              ; 0     ;
; Number of registers using Synchronous Clear  ; 0     ;
; Number of registers using Synchronous Load   ; 0     ;
; Number of registers using Asynchronous Clear ; 0     ;
; Number of registers using Asynchronous Load  ; 0     ;
; Number of registers using Clock Enable       ; 0     ;
; Number of registers using Preset             ; 0     ;
+----------------------------------------------+-------+


+---------------------------------------------------------------------------------------------------------------------------------------------------+
; Multiplexer Restructuring Statistics (Restructuring Performed)                                                                                    ;
+--------------------+-----------+---------------+----------------------+------------------------+------------+-------------------------------------+
; Multiplexer Inputs ; Bus Width ; Baseline Area ; Area if Restructured ; Saving if Restructured ; Registered ; Example Multiplexer Output          ;
+--------------------+-----------+---------------+----------------------+------------------------+------------+-------------------------------------+
; 16:1               ; 2 bits    ; 20 LEs        ; 16 LEs               ; 4 LEs                  ; No         ; |ALU_deco|decodificador:d1|c[2]     ;
; 4:1                ; 5 bits    ; 10 LEs        ; 10 LEs               ; 0 LEs                  ; No         ; |ALU_deco|ALU_case:calculadora|Mux5 ;
+--------------------+-----------+---------------+----------------------+------------------------+------------+-------------------------------------+


+--------------------------------------------------------------------------+
; Parameter Settings for User Entity Instance: Top-level Entity: |ALU_deco ;
+----------------+-------+-------------------------------------------------+
; Parameter Name ; Value ; Type                                            ;
+----------------+-------+-------------------------------------------------+
; n              ; 4     ; Signed Integer                                  ;
+----------------+-------+-------------------------------------------------+
Note: In order to hide this table in the UI and the text report file, please set the "Show Parameter Settings in Synthesis Report" option in "Analysis and Synthesis Settings -> More Settings" to "Off".


+-------------------------------------------------------------------+
; Parameter Settings for User Entity Instance: ALU_case:calculadora ;
+----------------+-------+------------------------------------------+
; Parameter Name ; Value ; Type                                     ;
+----------------+-------+------------------------------------------+
; n              ; 4     ; Signed Integer                           ;
+----------------+-------+------------------------------------------+
Note: In order to hide this table in the UI and the text report file, please set the "Show Parameter Settings in Synthesis Report" option in "Analysis and Synthesis Settings -> More Settings" to "Off".


+--------------------------------------------------------------------------------------------+
; Parameter Settings for User Entity Instance: ALU_case:calculadora|suma_parametrizable:suma ;
+----------------+-------+-------------------------------------------------------------------+
; Parameter Name ; Value ; Type                                                              ;
+----------------+-------+-------------------------------------------------------------------+
; n              ; 4     ; Signed Integer                                                    ;
+----------------+-------+-------------------------------------------------------------------+
Note: In order to hide this table in the UI and the text report file, please set the "Show Parameter Settings in Synthesis Report" option in "Analysis and Synthesis Settings -> More Settings" to "Off".


+---------------------------------------------------------------------------------------+
; Parameter Settings for User Entity Instance: ALU_case:calculadora|mult:multiplicacion ;
+----------------+-------+--------------------------------------------------------------+
; Parameter Name ; Value ; Type                                                         ;
+----------------+-------+--------------------------------------------------------------+
; M              ; 4     ; Signed Integer                                               ;
+----------------+-------+--------------------------------------------------------------+
Note: In order to hide this table in the UI and the text report file, please set the "Show Parameter Settings in Synthesis Report" option in "Analysis and Synthesis Settings -> More Settings" to "Off".


+------------------------------------------------------------------------------+
; Parameter Settings for User Entity Instance: ALU_case:calculadora|modulo:mod ;
+----------------+-------+-----------------------------------------------------+
; Parameter Name ; Value ; Type                                                ;
+----------------+-------+-----------------------------------------------------+
; M              ; 4     ; Signed Integer                                      ;
+----------------+-------+-----------------------------------------------------+
Note: In order to hide this table in the UI and the text report file, please set the "Show Parameter Settings in Synthesis Report" option in "Analysis and Synthesis Settings -> More Settings" to "Off".


+--------------------------------------------------------------------------------+
; Parameter Settings for User Entity Instance: ALU_case:calculadora|div:division ;
+----------------+-------+-------------------------------------------------------+
; Parameter Name ; Value ; Type                                                  ;
+----------------+-------+-------------------------------------------------------+
; M              ; 4     ; Signed Integer                                        ;
+----------------+-------+-------------------------------------------------------+
Note: In order to hide this table in the UI and the text report file, please set the "Show Parameter Settings in Synthesis Report" option in "Analysis and Synthesis Settings -> More Settings" to "Off".


+--------------------------------------------------------------------------------------------------+
; Parameter Settings for Inferred Entity Instance: ALU_case:calculadora|modulo:mod|lpm_divide:Mod0 ;
+------------------------+----------------+--------------------------------------------------------+
; Parameter Name         ; Value          ; Type                                                   ;
+------------------------+----------------+--------------------------------------------------------+
; LPM_WIDTHN             ; 4              ; Untyped                                                ;
; LPM_WIDTHD             ; 4              ; Untyped                                                ;
; LPM_NREPRESENTATION    ; UNSIGNED       ; Untyped                                                ;
; LPM_DREPRESENTATION    ; UNSIGNED       ; Untyped                                                ;
; LPM_PIPELINE           ; 0              ; Untyped                                                ;
; LPM_REMAINDERPOSITIVE  ; TRUE           ; Untyped                                                ;
; MAXIMIZE_SPEED         ; 5              ; Untyped                                                ;
; CBXI_PARAMETER         ; lpm_divide_42m ; Untyped                                                ;
; CARRY_CHAIN            ; MANUAL         ; Untyped                                                ;
; OPTIMIZE_FOR_SPEED     ; 5              ; Untyped                                                ;
; AUTO_CARRY_CHAINS      ; ON             ; AUTO_CARRY                                             ;
; IGNORE_CARRY_BUFFERS   ; OFF            ; IGNORE_CARRY                                           ;
; AUTO_CASCADE_CHAINS    ; ON             ; AUTO_CASCADE                                           ;
; IGNORE_CASCADE_BUFFERS ; OFF            ; IGNORE_CASCADE                                         ;
+------------------------+----------------+--------------------------------------------------------+
Note: In order to hide this table in the UI and the text report file, please set the "Show Parameter Settings in Synthesis Report" option in "Analysis and Synthesis Settings -> More Settings" to "Off".


+----------------------------------------------+
; Port Connectivity Checks: "decodificador:d2" ;
+------+-------+----------+--------------------+
; Port ; Type  ; Severity ; Details            ;
+------+-------+----------+--------------------+
; e    ; Input ; Info     ; Stuck at GND       ;
+------+-------+----------+--------------------+


+----------------------------------------------------------------------------------------------------------------------------------------------------------------------+
; Port Connectivity Checks: "ALU_case:calculadora|div:division"                                                                                                        ;
+------+--------+----------+-------------------------------------------------------------------------------------------------------------------------------------------+
; Port ; Type   ; Severity ; Details                                                                                                                                   ;
+------+--------+----------+-------------------------------------------------------------------------------------------------------------------------------------------+
; A    ; Input  ; Warning  ; Input port expression (4 bits) is smaller than the input port (8 bits) it drives.  Extra input bit(s) "A[7..4]" will be connected to GND. ;
; Res  ; Output ; Info     ; Connected to dangling logic. Logic that only feeds a dangling port will be removed.                                                       ;
+------+--------+----------+-------------------------------------------------------------------------------------------------------------------------------------------+


+-------------------------------------------------------------------------------------------------------------------------------------------------+
; Port Connectivity Checks: "ALU_case:calculadora|mult:multiplicacion"                                                                            ;
+------+--------+----------+----------------------------------------------------------------------------------------------------------------------+
; Port ; Type   ; Severity ; Details                                                                                                              ;
+------+--------+----------+----------------------------------------------------------------------------------------------------------------------+
; R    ; Output ; Warning  ; Output or bidir port (8 bits) is wider than the port expression (4 bits) it drives; bit(s) "R[7..4]" have no fanouts ;
+------+--------+----------+----------------------------------------------------------------------------------------------------------------------+


+----------------------------------------------------------------------------------------------------------------------------------------------------------------------------------------------------------------------+
; Port Connectivity Checks: "ALU_case:calculadora|suma_parametrizable:suma|suma:generate_suma[0].sum_nc"                                                                                                               ;
+--------------+-------+----------+------------------------------------------------------------------------------------------------------------------------------------------------------------------------------------+
; Port         ; Type  ; Severity ; Details                                                                                                                                                                            ;
+--------------+-------+----------+------------------------------------------------------------------------------------------------------------------------------------------------------------------------------------+
; carry_in     ; Input ; Warning  ; Input port expression (32 bits) is wider than the input port (1 bits) it drives.  The 31 most-significant bit(s) in the expression will be dangling if they have no other fanouts. ;
; carry_in[-1] ; Input ; Info     ; Stuck at GND                                                                                                                                                                       ;
+--------------+-------+----------+------------------------------------------------------------------------------------------------------------------------------------------------------------------------------------+


+-----------------------------------------------------------------------------------------------------------------------------------------------+
; Port Connectivity Checks: "ALU_case:calculadora"                                                                                              ;
+----------------+--------+----------+----------------------------------------------------------------------------------------------------------+
; Port           ; Type   ; Severity ; Details                                                                                                  ;
+----------------+--------+----------+----------------------------------------------------------------------------------------------------------+
; negativo       ; Output ; Warning  ; Declared by entity but not connected by instance. Logic that only feeds a dangling port will be removed. ;
; desbordamiento ; Output ; Warning  ; Declared by entity but not connected by instance. Logic that only feeds a dangling port will be removed. ;
+----------------+--------+----------+----------------------------------------------------------------------------------------------------------+


+-----------------------------------------------------+
; Post-Synthesis Netlist Statistics for Top Partition ;
+-----------------------+-----------------------------+
; Type                  ; Count                       ;
+-----------------------+-----------------------------+
; arriav_lcell_comb     ; 95                          ;
;     arith             ; 21                          ;
;         0 data inputs ; 2                           ;
;         2 data inputs ; 3                           ;
;         3 data inputs ; 3                           ;
;         4 data inputs ; 7                           ;
;         5 data inputs ; 6                           ;
;     normal            ; 65                          ;
;         0 data inputs ; 2                           ;
;         1 data inputs ; 6                           ;
;         2 data inputs ; 1                           ;
;         3 data inputs ; 13                          ;
;         4 data inputs ; 22                          ;
;         5 data inputs ; 11                          ;
;         6 data inputs ; 10                          ;
;     shared            ; 9                           ;
;         0 data inputs ; 3                           ;
;         2 data inputs ; 3                           ;
;         4 data inputs ; 3                           ;
; boundary_port         ; 32                          ;
;                       ;                             ;
; Max LUT depth         ; 11.50                       ;
; Average LUT depth     ; 7.21                        ;
+-----------------------+-----------------------------+


+-------------------------------+
; Elapsed Time Per Partition    ;
+----------------+--------------+
; Partition Name ; Elapsed Time ;
+----------------+--------------+
; Top            ; 00:00:00     ;
+----------------+--------------+


+-------------------------------+
; Analysis & Synthesis Messages ;
+-------------------------------+
Info: *******************************************************************
Info: Running Quartus Prime Analysis & Synthesis
    Info: Version 23.1std.0 Build 991 11/28/2023 SC Lite Edition
    Info: Processing started: Wed Mar  6 01:53:08 2024
Info: Command: quartus_map --read_settings_files=on --write_settings_files=off ALU -c ALU
Warning (18236): Number of processors has not been specified which may cause overloading on shared machines.  Set the global assignment NUM_PARALLEL_PROCESSORS in your QSF to an appropriate value for best performance.
Info (20030): Parallel compilation is enabled and will use 16 of the 16 processors detected
Info (12021): Found 1 design units, including 1 entities, in source file mult.sv
    Info (12023): Found entity 1: mult File: C:/Users/mario/OneDrive/Documentos/QUARTUS PROJECTS/gochoa_digital_design_lab_2024/laboratorio_2/ALU/mult.sv Line: 1
Info (12021): Found 1 design units, including 1 entities, in source file modulo.sv
    Info (12023): Found entity 1: modulo File: C:/Users/mario/OneDrive/Documentos/QUARTUS PROJECTS/gochoa_digital_design_lab_2024/laboratorio_2/ALU/modulo.sv Line: 1
Info (12021): Found 1 design units, including 1 entities, in source file alu_deco.sv
    Info (12023): Found entity 1: ALU_deco File: C:/Users/mario/OneDrive/Documentos/QUARTUS PROJECTS/gochoa_digital_design_lab_2024/laboratorio_2/ALU/ALU_deco.sv Line: 1
Info (12021): Found 1 design units, including 1 entities, in source file alu_case.sv
    Info (12023): Found entity 1: ALU_case File: C:/Users/mario/OneDrive/Documentos/QUARTUS PROJECTS/gochoa_digital_design_lab_2024/laboratorio_2/ALU/ALU_case.sv Line: 1
Info (12021): Found 1 design units, including 1 entities, in source file suma.sv
    Info (12023): Found entity 1: suma File: C:/Users/mario/OneDrive/Documentos/QUARTUS PROJECTS/gochoa_digital_design_lab_2024/laboratorio_2/ALU/suma.sv Line: 1
Info (12021): Found 1 design units, including 1 entities, in source file suma_parametrizable.sv
    Info (12023): Found entity 1: suma_parametrizable File: C:/Users/mario/OneDrive/Documentos/QUARTUS PROJECTS/gochoa_digital_design_lab_2024/laboratorio_2/ALU/suma_parametrizable.sv Line: 1
Info (12021): Found 1 design units, including 1 entities, in source file alu_tb.sv
    Info (12023): Found entity 1: ALU_tb File: C:/Users/mario/OneDrive/Documentos/QUARTUS PROJECTS/gochoa_digital_design_lab_2024/laboratorio_2/ALU/ALU_tb.sv Line: 1
Info (12021): Found 1 design units, including 1 entities, in source file decodificador.sv
    Info (12023): Found entity 1: decodificador File: C:/Users/mario/OneDrive/Documentos/QUARTUS PROJECTS/gochoa_digital_design_lab_2024/laboratorio_2/ALU/decodificador.sv Line: 1
Info (12021): Found 3 design units, including 3 entities, in source file contador6bits.sv
    Info (12023): Found entity 1: contador6Bits File: C:/Users/mario/OneDrive/Documentos/QUARTUS PROJECTS/gochoa_digital_design_lab_2024/laboratorio_2/ALU/contador6Bits.sv Line: 1
    Info (12023): Found entity 2: ClockDivider File: C:/Users/mario/OneDrive/Documentos/QUARTUS PROJECTS/gochoa_digital_design_lab_2024/laboratorio_2/ALU/contador6Bits.sv Line: 37
    Info (12023): Found entity 3: ContadorNBits File: C:/Users/mario/OneDrive/Documentos/QUARTUS PROJECTS/gochoa_digital_design_lab_2024/laboratorio_2/ALU/contador6Bits.sv Line: 55
Info (12021): Found 1 design units, including 1 entities, in source file div.sv
    Info (12023): Found entity 1: div File: C:/Users/mario/OneDrive/Documentos/QUARTUS PROJECTS/gochoa_digital_design_lab_2024/laboratorio_2/ALU/div.sv Line: 1
Info (12127): Elaborating entity "ALU_deco" for the top level hierarchy
Info (12128): Elaborating entity "ALU_case" for hierarchy "ALU_case:calculadora" File: C:/Users/mario/OneDrive/Documentos/QUARTUS PROJECTS/gochoa_digital_design_lab_2024/laboratorio_2/ALU/ALU_deco.sv Line: 14
Warning (10235): Verilog HDL Always Construct warning at ALU_case.sv(51): variable "temp_resultado_suma" is read inside the Always Construct but isn't in the Always Construct's Event Control File: C:/Users/mario/OneDrive/Documentos/QUARTUS PROJECTS/gochoa_digital_design_lab_2024/laboratorio_2/ALU/ALU_case.sv Line: 51
Warning (10235): Verilog HDL Always Construct warning at ALU_case.sv(52): variable "temp_carry_suma" is read inside the Always Construct but isn't in the Always Construct's Event Control File: C:/Users/mario/OneDrive/Documentos/QUARTUS PROJECTS/gochoa_digital_design_lab_2024/laboratorio_2/ALU/ALU_case.sv Line: 52
Warning (10235): Verilog HDL Always Construct warning at ALU_case.sv(53): variable "temp_cero_suma" is read inside the Always Construct but isn't in the Always Construct's Event Control File: C:/Users/mario/OneDrive/Documentos/QUARTUS PROJECTS/gochoa_digital_design_lab_2024/laboratorio_2/ALU/ALU_case.sv Line: 53
Warning (10235): Verilog HDL Always Construct warning at ALU_case.sv(60): variable "temp_resultado_mult" is read inside the Always Construct but isn't in the Always Construct's Event Control File: C:/Users/mario/OneDrive/Documentos/QUARTUS PROJECTS/gochoa_digital_design_lab_2024/laboratorio_2/ALU/ALU_case.sv Line: 60
Warning (10235): Verilog HDL Always Construct warning at ALU_case.sv(61): variable "temp_carry_mult" is read inside the Always Construct but isn't in the Always Construct's Event Control File: C:/Users/mario/OneDrive/Documentos/QUARTUS PROJECTS/gochoa_digital_design_lab_2024/laboratorio_2/ALU/ALU_case.sv Line: 61
Warning (10235): Verilog HDL Always Construct warning at ALU_case.sv(62): variable "temp_cero_mult" is read inside the Always Construct but isn't in the Always Construct's Event Control File: C:/Users/mario/OneDrive/Documentos/QUARTUS PROJECTS/gochoa_digital_design_lab_2024/laboratorio_2/ALU/ALU_case.sv Line: 62
Warning (10235): Verilog HDL Always Construct warning at ALU_case.sv(63): variable "temp_negativo_mult" is read inside the Always Construct but isn't in the Always Construct's Event Control File: C:/Users/mario/OneDrive/Documentos/QUARTUS PROJECTS/gochoa_digital_design_lab_2024/laboratorio_2/ALU/ALU_case.sv Line: 63
Warning (10235): Verilog HDL Always Construct warning at ALU_case.sv(64): variable "temp_desbordamiento_mult" is read inside the Always Construct but isn't in the Always Construct's Event Control File: C:/Users/mario/OneDrive/Documentos/QUARTUS PROJECTS/gochoa_digital_design_lab_2024/laboratorio_2/ALU/ALU_case.sv Line: 64
Warning (10235): Verilog HDL Always Construct warning at ALU_case.sv(68): variable "temp_resultado_div" is read inside the Always Construct but isn't in the Always Construct's Event Control File: C:/Users/mario/OneDrive/Documentos/QUARTUS PROJECTS/gochoa_digital_design_lab_2024/laboratorio_2/ALU/ALU_case.sv Line: 68
Warning (10235): Verilog HDL Always Construct warning at ALU_case.sv(69): variable "temp_carry_div" is read inside the Always Construct but isn't in the Always Construct's Event Control File: C:/Users/mario/OneDrive/Documentos/QUARTUS PROJECTS/gochoa_digital_design_lab_2024/laboratorio_2/ALU/ALU_case.sv Line: 69
Warning (10235): Verilog HDL Always Construct warning at ALU_case.sv(70): variable "temp_cero_div" is read inside the Always Construct but isn't in the Always Construct's Event Control File: C:/Users/mario/OneDrive/Documentos/QUARTUS PROJECTS/gochoa_digital_design_lab_2024/laboratorio_2/ALU/ALU_case.sv Line: 70
Warning (10235): Verilog HDL Always Construct warning at ALU_case.sv(71): variable "temp_negativo_div" is read inside the Always Construct but isn't in the Always Construct's Event Control File: C:/Users/mario/OneDrive/Documentos/QUARTUS PROJECTS/gochoa_digital_design_lab_2024/laboratorio_2/ALU/ALU_case.sv Line: 71
Warning (10235): Verilog HDL Always Construct warning at ALU_case.sv(72): variable "temp_desbordamiento_div" is read inside the Always Construct but isn't in the Always Construct's Event Control File: C:/Users/mario/OneDrive/Documentos/QUARTUS PROJECTS/gochoa_digital_design_lab_2024/laboratorio_2/ALU/ALU_case.sv Line: 72
Warning (10235): Verilog HDL Always Construct warning at ALU_case.sv(76): variable "temp_resultado_mod" is read inside the Always Construct but isn't in the Always Construct's Event Control File: C:/Users/mario/OneDrive/Documentos/QUARTUS PROJECTS/gochoa_digital_design_lab_2024/laboratorio_2/ALU/ALU_case.sv Line: 76
Warning (10235): Verilog HDL Always Construct warning at ALU_case.sv(77): variable "temp_carry_mod" is read inside the Always Construct but isn't in the Always Construct's Event Control File: C:/Users/mario/OneDrive/Documentos/QUARTUS PROJECTS/gochoa_digital_design_lab_2024/laboratorio_2/ALU/ALU_case.sv Line: 77
Warning (10235): Verilog HDL Always Construct warning at ALU_case.sv(78): variable "temp_cero_mod" is read inside the Always Construct but isn't in the Always Construct's Event Control File: C:/Users/mario/OneDrive/Documentos/QUARTUS PROJECTS/gochoa_digital_design_lab_2024/laboratorio_2/ALU/ALU_case.sv Line: 78
Warning (10235): Verilog HDL Always Construct warning at ALU_case.sv(79): variable "temp_negativo_mod" is read inside the Always Construct but isn't in the Always Construct's Event Control File: C:/Users/mario/OneDrive/Documentos/QUARTUS PROJECTS/gochoa_digital_design_lab_2024/laboratorio_2/ALU/ALU_case.sv Line: 79
Warning (10235): Verilog HDL Always Construct warning at ALU_case.sv(80): variable "temp_desbordamiento_mod" is read inside the Always Construct but isn't in the Always Construct's Event Control File: C:/Users/mario/OneDrive/Documentos/QUARTUS PROJECTS/gochoa_digital_design_lab_2024/laboratorio_2/ALU/ALU_case.sv Line: 80
Warning (10270): Verilog HDL Case Statement warning at ALU_case.sv(48): incomplete case statement has no default case item File: C:/Users/mario/OneDrive/Documentos/QUARTUS PROJECTS/gochoa_digital_design_lab_2024/laboratorio_2/ALU/ALU_case.sv Line: 48
Warning (10240): Verilog HDL Always Construct warning at ALU_case.sv(46): inferring latch(es) for variable "resultado", which holds its previous value in one or more paths through the always construct File: C:/Users/mario/OneDrive/Documentos/QUARTUS PROJECTS/gochoa_digital_design_lab_2024/laboratorio_2/ALU/ALU_case.sv Line: 46
Warning (10240): Verilog HDL Always Construct warning at ALU_case.sv(46): inferring latch(es) for variable "carry", which holds its previous value in one or more paths through the always construct File: C:/Users/mario/OneDrive/Documentos/QUARTUS PROJECTS/gochoa_digital_design_lab_2024/laboratorio_2/ALU/ALU_case.sv Line: 46
Warning (10240): Verilog HDL Always Construct warning at ALU_case.sv(46): inferring latch(es) for variable "cero", which holds its previous value in one or more paths through the always construct File: C:/Users/mario/OneDrive/Documentos/QUARTUS PROJECTS/gochoa_digital_design_lab_2024/laboratorio_2/ALU/ALU_case.sv Line: 46
Warning (10240): Verilog HDL Always Construct warning at ALU_case.sv(46): inferring latch(es) for variable "negativo", which holds its previous value in one or more paths through the always construct File: C:/Users/mario/OneDrive/Documentos/QUARTUS PROJECTS/gochoa_digital_design_lab_2024/laboratorio_2/ALU/ALU_case.sv Line: 46
Warning (10240): Verilog HDL Always Construct warning at ALU_case.sv(46): inferring latch(es) for variable "desbordamiento", which holds its previous value in one or more paths through the always construct File: C:/Users/mario/OneDrive/Documentos/QUARTUS PROJECTS/gochoa_digital_design_lab_2024/laboratorio_2/ALU/ALU_case.sv Line: 46
Info (10041): Inferred latch for "desbordamiento" at ALU_case.sv(46) File: C:/Users/mario/OneDrive/Documentos/QUARTUS PROJECTS/gochoa_digital_design_lab_2024/laboratorio_2/ALU/ALU_case.sv Line: 46
Info (10041): Inferred latch for "negativo" at ALU_case.sv(46) File: C:/Users/mario/OneDrive/Documentos/QUARTUS PROJECTS/gochoa_digital_design_lab_2024/laboratorio_2/ALU/ALU_case.sv Line: 46
Info (10041): Inferred latch for "cero" at ALU_case.sv(46) File: C:/Users/mario/OneDrive/Documentos/QUARTUS PROJECTS/gochoa_digital_design_lab_2024/laboratorio_2/ALU/ALU_case.sv Line: 46
Info (10041): Inferred latch for "carry" at ALU_case.sv(46) File: C:/Users/mario/OneDrive/Documentos/QUARTUS PROJECTS/gochoa_digital_design_lab_2024/laboratorio_2/ALU/ALU_case.sv Line: 46
Info (10041): Inferred latch for "resultado[0]" at ALU_case.sv(46) File: C:/Users/mario/OneDrive/Documentos/QUARTUS PROJECTS/gochoa_digital_design_lab_2024/laboratorio_2/ALU/ALU_case.sv Line: 46
Info (10041): Inferred latch for "resultado[1]" at ALU_case.sv(46) File: C:/Users/mario/OneDrive/Documentos/QUARTUS PROJECTS/gochoa_digital_design_lab_2024/laboratorio_2/ALU/ALU_case.sv Line: 46
Info (10041): Inferred latch for "resultado[2]" at ALU_case.sv(46) File: C:/Users/mario/OneDrive/Documentos/QUARTUS PROJECTS/gochoa_digital_design_lab_2024/laboratorio_2/ALU/ALU_case.sv Line: 46
Info (10041): Inferred latch for "resultado[3]" at ALU_case.sv(46) File: C:/Users/mario/OneDrive/Documentos/QUARTUS PROJECTS/gochoa_digital_design_lab_2024/laboratorio_2/ALU/ALU_case.sv Line: 46
Info (12128): Elaborating entity "suma_parametrizable" for hierarchy "ALU_case:calculadora|suma_parametrizable:suma" File: C:/Users/mario/OneDrive/Documentos/QUARTUS PROJECTS/gochoa_digital_design_lab_2024/laboratorio_2/ALU/ALU_case.sv Line: 38
Info (12128): Elaborating entity "suma" for hierarchy "ALU_case:calculadora|suma_parametrizable:suma|suma:generate_suma[0].sum_nc" File: C:/Users/mario/OneDrive/Documentos/QUARTUS PROJECTS/gochoa_digital_design_lab_2024/laboratorio_2/ALU/suma_parametrizable.sv Line: 17
Info (12128): Elaborating entity "mult" for hierarchy "ALU_case:calculadora|mult:multiplicacion" File: C:/Users/mario/OneDrive/Documentos/QUARTUS PROJECTS/gochoa_digital_design_lab_2024/laboratorio_2/ALU/ALU_case.sv Line: 40
Warning (10030): Net "C" at mult.sv(6) has no driver or initial value, using a default initial value '0' File: C:/Users/mario/OneDrive/Documentos/QUARTUS PROJECTS/gochoa_digital_design_lab_2024/laboratorio_2/ALU/mult.sv Line: 6
Warning (10034): Output port "N" at mult.sv(7) has no driver File: C:/Users/mario/OneDrive/Documentos/QUARTUS PROJECTS/gochoa_digital_design_lab_2024/laboratorio_2/ALU/mult.sv Line: 7
Warning (10034): Output port "V" at mult.sv(8) has no driver File: C:/Users/mario/OneDrive/Documentos/QUARTUS PROJECTS/gochoa_digital_design_lab_2024/laboratorio_2/ALU/mult.sv Line: 8
Info (12128): Elaborating entity "modulo" for hierarchy "ALU_case:calculadora|modulo:mod" File: C:/Users/mario/OneDrive/Documentos/QUARTUS PROJECTS/gochoa_digital_design_lab_2024/laboratorio_2/ALU/ALU_case.sv Line: 42
Warning (10034): Output port "C" at modulo.sv(9) has no driver File: C:/Users/mario/OneDrive/Documentos/QUARTUS PROJECTS/gochoa_digital_design_lab_2024/laboratorio_2/ALU/modulo.sv Line: 9
Warning (10034): Output port "N" at modulo.sv(10) has no driver File: C:/Users/mario/OneDrive/Documentos/QUARTUS PROJECTS/gochoa_digital_design_lab_2024/laboratorio_2/ALU/modulo.sv Line: 10
Warning (10034): Output port "V" at modulo.sv(11) has no driver File: C:/Users/mario/OneDrive/Documentos/QUARTUS PROJECTS/gochoa_digital_design_lab_2024/laboratorio_2/ALU/modulo.sv Line: 11
Info (12128): Elaborating entity "div" for hierarchy "ALU_case:calculadora|div:division" File: C:/Users/mario/OneDrive/Documentos/QUARTUS PROJECTS/gochoa_digital_design_lab_2024/laboratorio_2/ALU/ALU_case.sv Line: 44
Warning (10230): Verilog HDL assignment warning at div.sv(15): truncated value with size 12 to match size of target (8) File: C:/Users/mario/OneDrive/Documentos/QUARTUS PROJECTS/gochoa_digital_design_lab_2024/laboratorio_2/ALU/div.sv Line: 15
Warning (10030): Net "C" at div.sv(7) has no driver or initial value, using a default initial value '0' File: C:/Users/mario/OneDrive/Documentos/QUARTUS PROJECTS/gochoa_digital_design_lab_2024/laboratorio_2/ALU/div.sv Line: 7
Warning (10034): Output port "N" at div.sv(8) has no driver File: C:/Users/mario/OneDrive/Documentos/QUARTUS PROJECTS/gochoa_digital_design_lab_2024/laboratorio_2/ALU/div.sv Line: 8
Warning (10034): Output port "V" at div.sv(9) has no driver File: C:/Users/mario/OneDrive/Documentos/QUARTUS PROJECTS/gochoa_digital_design_lab_2024/laboratorio_2/ALU/div.sv Line: 9
Info (12128): Elaborating entity "decodificador" for hierarchy "decodificador:d1" File: C:/Users/mario/OneDrive/Documentos/QUARTUS PROJECTS/gochoa_digital_design_lab_2024/laboratorio_2/ALU/ALU_deco.sv Line: 24
Info (278001): Inferred 1 megafunctions from design logic
    Info (278004): Inferred divider/modulo megafunction ("lpm_divide") from the following logic: "ALU_case:calculadora|modulo:mod|Mod0" File: C:/Users/mario/OneDrive/Documentos/QUARTUS PROJECTS/gochoa_digital_design_lab_2024/laboratorio_2/ALU/modulo.sv Line: 16
Info (12130): Elaborated megafunction instantiation "ALU_case:calculadora|modulo:mod|lpm_divide:Mod0" File: C:/Users/mario/OneDrive/Documentos/QUARTUS PROJECTS/gochoa_digital_design_lab_2024/laboratorio_2/ALU/modulo.sv Line: 16
Info (12133): Instantiated megafunction "ALU_case:calculadora|modulo:mod|lpm_divide:Mod0" with the following parameter: File: C:/Users/mario/OneDrive/Documentos/QUARTUS PROJECTS/gochoa_digital_design_lab_2024/laboratorio_2/ALU/modulo.sv Line: 16
    Info (12134): Parameter "LPM_WIDTHN" = "4"
    Info (12134): Parameter "LPM_WIDTHD" = "4"
    Info (12134): Parameter "LPM_NREPRESENTATION" = "UNSIGNED"
    Info (12134): Parameter "LPM_DREPRESENTATION" = "UNSIGNED"
Info (12021): Found 1 design units, including 1 entities, in source file db/lpm_divide_42m.tdf
    Info (12023): Found entity 1: lpm_divide_42m File: C:/Users/mario/OneDrive/Documentos/QUARTUS PROJECTS/gochoa_digital_design_lab_2024/laboratorio_2/ALU/db/lpm_divide_42m.tdf Line: 25
Info (12021): Found 1 design units, including 1 entities, in source file db/sign_div_unsign_7kh.tdf
    Info (12023): Found entity 1: sign_div_unsign_7kh File: C:/Users/mario/OneDrive/Documentos/QUARTUS PROJECTS/gochoa_digital_design_lab_2024/laboratorio_2/ALU/db/sign_div_unsign_7kh.tdf Line: 25
Info (12021): Found 1 design units, including 1 entities, in source file db/alt_u_div_kse.tdf
    Info (12023): Found entity 1: alt_u_div_kse File: C:/Users/mario/OneDrive/Documentos/QUARTUS PROJECTS/gochoa_digital_design_lab_2024/laboratorio_2/ALU/db/alt_u_div_kse.tdf Line: 23
Warning (12241): 4 hierarchies have connectivity warnings - see the Connectivity Checks report folder
Warning (13012): Latch ALU_case:calculadora|resultado[1] has unsafe behavior File: C:/Users/mario/OneDrive/Documentos/QUARTUS PROJECTS/gochoa_digital_design_lab_2024/laboratorio_2/ALU/ALU_case.sv Line: 46
    Warning (13013): Ports D and ENA on the latch are fed by the same signal selector[2] File: C:/Users/mario/OneDrive/Documentos/QUARTUS PROJECTS/gochoa_digital_design_lab_2024/laboratorio_2/ALU/ALU_deco.sv Line: 6
Warning (13012): Latch ALU_case:calculadora|resultado[2] has unsafe behavior File: C:/Users/mario/OneDrive/Documentos/QUARTUS PROJECTS/gochoa_digital_design_lab_2024/laboratorio_2/ALU/ALU_case.sv Line: 46
    Warning (13013): Ports D and ENA on the latch are fed by the same signal selector[2] File: C:/Users/mario/OneDrive/Documentos/QUARTUS PROJECTS/gochoa_digital_design_lab_2024/laboratorio_2/ALU/ALU_deco.sv Line: 6
Warning (13012): Latch ALU_case:calculadora|resultado[3] has unsafe behavior File: C:/Users/mario/OneDrive/Documentos/QUARTUS PROJECTS/gochoa_digital_design_lab_2024/laboratorio_2/ALU/ALU_case.sv Line: 46
    Warning (13013): Ports D and ENA on the latch are fed by the same signal selector[2] File: C:/Users/mario/OneDrive/Documentos/QUARTUS PROJECTS/gochoa_digital_design_lab_2024/laboratorio_2/ALU/ALU_deco.sv Line: 6
Warning (13012): Latch ALU_case:calculadora|resultado[0] has unsafe behavior File: C:/Users/mario/OneDrive/Documentos/QUARTUS PROJECTS/gochoa_digital_design_lab_2024/laboratorio_2/ALU/ALU_case.sv Line: 46
    Warning (13013): Ports D and ENA on the latch are fed by the same signal selector[2] File: C:/Users/mario/OneDrive/Documentos/QUARTUS PROJECTS/gochoa_digital_design_lab_2024/laboratorio_2/ALU/ALU_deco.sv Line: 6
Warning (13012): Latch ALU_case:calculadora|carry has unsafe behavior File: C:/Users/mario/OneDrive/Documentos/QUARTUS PROJECTS/gochoa_digital_design_lab_2024/laboratorio_2/ALU/ALU_case.sv Line: 6
    Warning (13013): Ports D and ENA on the latch are fed by the same signal selector[1] File: C:/Users/mario/OneDrive/Documentos/QUARTUS PROJECTS/gochoa_digital_design_lab_2024/laboratorio_2/ALU/ALU_deco.sv Line: 6
Warning (13012): Latch ALU_case:calculadora|cero has unsafe behavior File: C:/Users/mario/OneDrive/Documentos/QUARTUS PROJECTS/gochoa_digital_design_lab_2024/laboratorio_2/ALU/ALU_case.sv Line: 7
    Warning (13013): Ports D and ENA on the latch are fed by the same signal selector[2] File: C:/Users/mario/OneDrive/Documentos/QUARTUS PROJECTS/gochoa_digital_design_lab_2024/laboratorio_2/ALU/ALU_deco.sv Line: 6
Warning (13024): Output pins are stuck at VCC or GND
    Warning (13410): Pin "display2[0]" is stuck at GND File: C:/Users/mario/OneDrive/Documentos/QUARTUS PROJECTS/gochoa_digital_design_lab_2024/laboratorio_2/ALU/ALU_deco.sv Line: 9
    Warning (13410): Pin "display2[1]" is stuck at GND File: C:/Users/mario/OneDrive/Documentos/QUARTUS PROJECTS/gochoa_digital_design_lab_2024/laboratorio_2/ALU/ALU_deco.sv Line: 9
    Warning (13410): Pin "display2[2]" is stuck at GND File: C:/Users/mario/OneDrive/Documentos/QUARTUS PROJECTS/gochoa_digital_design_lab_2024/laboratorio_2/ALU/ALU_deco.sv Line: 9
    Warning (13410): Pin "display2[3]" is stuck at GND File: C:/Users/mario/OneDrive/Documentos/QUARTUS PROJECTS/gochoa_digital_design_lab_2024/laboratorio_2/ALU/ALU_deco.sv Line: 9
    Warning (13410): Pin "display2[4]" is stuck at GND File: C:/Users/mario/OneDrive/Documentos/QUARTUS PROJECTS/gochoa_digital_design_lab_2024/laboratorio_2/ALU/ALU_deco.sv Line: 9
    Warning (13410): Pin "display2[5]" is stuck at GND File: C:/Users/mario/OneDrive/Documentos/QUARTUS PROJECTS/gochoa_digital_design_lab_2024/laboratorio_2/ALU/ALU_deco.sv Line: 9
    Warning (13410): Pin "display2[6]" is stuck at VCC File: C:/Users/mario/OneDrive/Documentos/QUARTUS PROJECTS/gochoa_digital_design_lab_2024/laboratorio_2/ALU/ALU_deco.sv Line: 9
Info (286030): Timing-Driven Synthesis is running
Info (16010): Generating hard_block partition "hard_block:auto_generated_inst"
    Info (16011): Adding 0 node(s), including 0 DDIO, 0 PLL, 0 transceiver and 0 LCELL
Info (21057): Implemented 119 device resources after synthesis - the final resource count might be different
    Info (21058): Implemented 12 input pins
    Info (21059): Implemented 20 output pins
    Info (21061): Implemented 87 logic cells
Info: Quartus Prime Analysis & Synthesis was successful. 0 errors, 56 warnings
    Info: Peak virtual memory: 4859 megabytes
    Info: Processing ended: Wed Mar  6 01:53:16 2024
    Info: Elapsed time: 00:00:08
    Info: Total CPU time (on all processors): 00:00:07


